<?xml version="1.0" encoding="UTF-8"?>
<!-- Generated by org.testng.reporters.JUnitXMLReporter -->
<testsuite ignored="0" hostname="DESKTOP-QOG1AO3" failures="0" tests="6" name="Default test" time="0.246" errors="0" timestamp="2023-11-07T20:12:23 IST">
  <testcase classname="TestNG.Demo_testng" name="m1" time="0.016"/>
  <testcase classname="TestNG.Demo_testng" name="m2" time="0.008"/>
  <testcase classname="TestNG.Demo_testng" name="m3" time="0.016"/>
  <testcase classname="TestNG.Demo_testng" name="m4" time="0.005"/>
  <testcase classname="TestNG.Demo_testng" name="m5" time="0.015"/>
  <testcase classname="TestNG.Demo_testng" name="m6" time="0.024"/>
</testsuite> <!-- Default test -->
